<?xml version="1.0" encoding="utf-8"?><testsuites name="pytest tests"><testsuite name="pytest" errors="0" failures="0" skipped="0" tests="11" time="2.314" timestamp="2026-05-17T18:00:18.567734+00:00" hostname="agent-env-1f758b4a-7d9e-4a01-8b70-9b9d18884fe2"><testcase classname="backend.tests.test_appointment_api.TestHealth" name="test_health_returns_ok" time="0.187" /><testcase classname="backend.tests.test_appointment_api.TestAppointmentSuccess" name="test_create_with_xray_test" time="0.586" /><testcase classname="backend.tests.test_appointment_api.TestAppointmentSuccess" name="test_create_with_usg_test" time="0.326" /><testcase classname="backend.tests.test_appointment_api.TestAppointmentSuccess" name="test_create_with_echo_test" time="0.374" /><testcase classname="backend.tests.test_appointment_api.TestAppointmentValidation" name="test_missing_required_fields" time="0.100" /><testcase classname="backend.tests.test_appointment_api.TestAppointmentValidation" name="test_invalid_email" time="0.144" /><testcase classname="backend.tests.test_appointment_api.TestAppointmentValidation" name="test_phone_not_10_digits" time="0.102" /><testcase classname="backend.tests.test_appointment_api.TestAppointmentValidation" name="test_phone_non_numeric" time="0.096" /><testcase classname="backend.tests.test_appointment_api.TestAppointmentValidation" name="test_age_too_low" time="0.132" /><testcase classname="backend.tests.test_appointment_api.TestAppointmentValidation" name="test_age_too_high" time="0.105" /><testcase classname="backend.tests.test_appointment_api.TestListAppointments" name="test_list_returns_array" time="0.094" /></testsuite></testsuites>